2020-01-03 21:58:50,896 - Model:Document_Mongo.py - Fun:bunchSave - Message:将数据库信息转换为bunch对象 - Line:15
2020-01-03 21:59:51,654 - Model:BayesAlgorithm.py - Fun:__init__ - Message:TF_IDF模型初始化结束 - Line:18
2020-01-03 21:59:51,654 - Model:BayesAlgorithm.py - Fun:__init__ - Message:TF_IDF模型初始化结束 - Line:18
2020-01-03 21:59:51,657 - Model:BayesAlgorithm.py - Fun:get_StopWords - Message:停用词表获取成功 - Line:31
2020-01-03 21:59:51,657 - Model:BayesAlgorithm.py - Fun:get_StopWords - Message:停用词表获取成功 - Line:31
2020-01-03 21:59:51,657 - Model:BayesAlgorithm.py - Fun:get_StopWords - Message:停用词表获取成功 - Line:31
2020-01-04 09:30:38,187 - Model:Document_Mongo.py - Fun:bunchSave - Message:将数据库信息转换为bunch对象 - Line:15
2020-01-04 09:30:42,030 - Model:BayesAlgorithm.py - Fun:__init__ - Message:TF_IDF模型初始化结束 - Line:18
2020-01-04 09:30:42,030 - Model:BayesAlgorithm.py - Fun:__init__ - Message:TF_IDF模型初始化结束 - Line:18
2020-01-04 09:30:42,031 - Model:BayesAlgorithm.py - Fun:get_StopWords - Message:停用词表获取成功 - Line:31
2020-01-04 09:30:42,031 - Model:BayesAlgorithm.py - Fun:get_StopWords - Message:停用词表获取成功 - Line:31
2020-01-04 09:30:42,031 - Model:BayesAlgorithm.py - Fun:get_StopWords - Message:停用词表获取成功 - Line:31
2020-01-04 09:36:44,078 - Model:Document_Mongo.py - Fun:bunchSave - Message:将数据库信息转换为bunch对象 - Line:15
2020-01-04 09:36:46,597 - Model:BayesAlgorithm.py - Fun:__init__ - Message:TF_IDF模型初始化结束 - Line:18
2020-01-04 09:36:46,597 - Model:BayesAlgorithm.py - Fun:__init__ - Message:TF_IDF模型初始化结束 - Line:18
2020-01-04 09:36:46,599 - Model:BayesAlgorithm.py - Fun:get_StopWords - Message:停用词表获取成功 - Line:31
2020-01-04 09:36:46,599 - Model:BayesAlgorithm.py - Fun:get_StopWords - Message:停用词表获取成功 - Line:31
2020-01-04 09:36:46,599 - Model:BayesAlgorithm.py - Fun:get_StopWords - Message:停用词表获取成功 - Line:31
2020-01-04 09:43:35,477 - Model:Document_Mongo.py - Fun:bunchSave - Message:将数据库信息转换为bunch对象 - Line:15
2020-01-04 09:43:35,477 - Model:Document_Mongo.py - Fun:bunchSave - Message:将数据库信息转换为bunch对象 - Line:15
2020-01-04 09:43:35,477 - Model:Document_Mongo.py - Fun:bunchSave - Message:将数据库信息转换为bunch对象 - Line:15
2020-01-04 09:43:35,477 - Model:Document_Mongo.py - Fun:bunchSave - Message:将数据库信息转换为bunch对象 - Line:15
2020-01-04 09:43:38,008 - Model:BayesAlgorithm.py - Fun:__init__ - Message:TF_IDF模型初始化结束 - Line:18
2020-01-04 09:43:38,008 - Model:BayesAlgorithm.py - Fun:__init__ - Message:TF_IDF模型初始化结束 - Line:18
2020-01-04 09:43:38,008 - Model:BayesAlgorithm.py - Fun:__init__ - Message:TF_IDF模型初始化结束 - Line:18
2020-01-04 09:43:38,008 - Model:BayesAlgorithm.py - Fun:__init__ - Message:TF_IDF模型初始化结束 - Line:18
2020-01-04 09:43:38,008 - Model:BayesAlgorithm.py - Fun:__init__ - Message:TF_IDF模型初始化结束 - Line:18
2020-01-04 09:43:38,010 - Model:BayesAlgorithm.py - Fun:get_StopWords - Message:停用词表获取成功 - Line:31
2020-01-04 09:43:38,010 - Model:BayesAlgorithm.py - Fun:get_StopWords - Message:停用词表获取成功 - Line:31
2020-01-04 09:43:38,010 - Model:BayesAlgorithm.py - Fun:get_StopWords - Message:停用词表获取成功 - Line:31
2020-01-04 09:43:38,010 - Model:BayesAlgorithm.py - Fun:get_StopWords - Message:停用词表获取成功 - Line:31
2020-01-04 09:43:38,010 - Model:BayesAlgorithm.py - Fun:get_StopWords - Message:停用词表获取成功 - Line:31
2020-01-04 09:43:38,010 - Model:BayesAlgorithm.py - Fun:get_StopWords - Message:停用词表获取成功 - Line:31
2020-01-04 09:44:45,420 - Model:Document_Mongo.py - Fun:bunchSave - Message:将数据库信息转换为bunch对象 - Line:15
2020-01-04 09:44:48,079 - Model:BayesAlgorithm.py - Fun:__init__ - Message:TF_IDF模型初始化结束 - Line:18
2020-01-04 09:44:48,079 - Model:BayesAlgorithm.py - Fun:__init__ - Message:TF_IDF模型初始化结束 - Line:18
2020-01-04 09:44:48,081 - Model:BayesAlgorithm.py - Fun:get_StopWords - Message:停用词表获取成功 - Line:31
2020-01-04 09:44:48,081 - Model:BayesAlgorithm.py - Fun:get_StopWords - Message:停用词表获取成功 - Line:31
2020-01-04 09:44:48,081 - Model:BayesAlgorithm.py - Fun:get_StopWords - Message:停用词表获取成功 - Line:31
2020-01-04 09:51:27,049 - Model:Document_Mongo.py - Fun:bunchSave - Message:将数据库信息转换为bunch对象 - Line:15
2020-01-04 09:51:29,648 - Model:BayesAlgorithm.py - Fun:__init__ - Message:TF_IDF模型初始化结束 - Line:18
2020-01-04 09:51:29,648 - Model:BayesAlgorithm.py - Fun:__init__ - Message:TF_IDF模型初始化结束 - Line:18
2020-01-04 09:51:29,649 - Model:BayesAlgorithm.py - Fun:get_StopWords - Message:停用词表获取成功 - Line:31
2020-01-04 09:51:29,649 - Model:BayesAlgorithm.py - Fun:get_StopWords - Message:停用词表获取成功 - Line:31
2020-01-04 09:51:29,649 - Model:BayesAlgorithm.py - Fun:get_StopWords - Message:停用词表获取成功 - Line:31
2020-01-04 09:51:29,662 - Model:BayesAlgorithm.py - Fun:run - Message:run 执行 - Line:119
2020-01-04 09:51:29,662 - Model:BayesAlgorithm.py - Fun:run - Message:run 执行 - Line:119
2020-01-04 09:51:29,662 - Model:BayesAlgorithm.py - Fun:run - Message:run 执行 - Line:119
2020-01-04 09:51:29,662 - Model:BayesAlgorithm.py - Fun:run - Message:run 执行 - Line:119
2020-01-04 09:51:29,663 - Model:BayesAlgorithm.py - Fun:getTFIDFMat - Message:获取TF-IDF向量,得到tfidfspace.dat - Line:42
2020-01-04 09:51:29,663 - Model:BayesAlgorithm.py - Fun:getTFIDFMat - Message:获取TF-IDF向量,得到tfidfspace.dat - Line:42
2020-01-04 09:51:29,663 - Model:BayesAlgorithm.py - Fun:getTFIDFMat - Message:获取TF-IDF向量,得到tfidfspace.dat - Line:42
2020-01-04 09:51:29,663 - Model:BayesAlgorithm.py - Fun:getTFIDFMat - Message:获取TF-IDF向量,得到tfidfspace.dat - Line:42
2020-01-04 09:51:29,663 - Model:BayesAlgorithm.py - Fun:getTFIDFMat - Message:获取TF-IDF向量,得到tfidfspace.dat - Line:42
2020-01-04 09:51:30,644 - Model:BayesAlgorithm.py - Fun:getTestDat - Message:获取测试集分词结果 - Line:61
2020-01-04 09:51:30,644 - Model:BayesAlgorithm.py - Fun:getTestDat - Message:获取测试集分词结果 - Line:61
2020-01-04 09:51:30,644 - Model:BayesAlgorithm.py - Fun:getTestDat - Message:获取测试集分词结果 - Line:61
2020-01-04 09:51:30,644 - Model:BayesAlgorithm.py - Fun:getTestDat - Message:获取测试集分词结果 - Line:61
2020-01-04 09:51:30,644 - Model:BayesAlgorithm.py - Fun:getTestDat - Message:获取测试集分词结果 - Line:61
2020-01-04 09:51:30,644 - Model:BayesAlgorithm.py - Fun:getTestDat - Message:获取测试集分词结果 - Line:61
2020-01-04 09:51:31,182 - Model:Document_Mongo.py - Fun:bunchSaveFile - Message:将文件信息转换为bunch对象 - Line:37
2020-01-04 09:51:31,182 - Model:Document_Mongo.py - Fun:bunchSaveFile - Message:将文件信息转换为bunch对象 - Line:37
2020-01-04 09:51:31,182 - Model:Document_Mongo.py - Fun:bunchSaveFile - Message:将文件信息转换为bunch对象 - Line:37
2020-01-04 09:51:31,182 - Model:Document_Mongo.py - Fun:bunchSaveFile - Message:将文件信息转换为bunch对象 - Line:37
2020-01-04 09:51:31,182 - Model:Document_Mongo.py - Fun:bunchSaveFile - Message:将文件信息转换为bunch对象 - Line:37
2020-01-04 09:51:31,182 - Model:Document_Mongo.py - Fun:bunchSaveFile - Message:将文件信息转换为bunch对象 - Line:37
2020-01-04 09:51:31,182 - Model:Document_Mongo.py - Fun:bunchSaveFile - Message:将文件信息转换为bunch对象 - Line:37
2020-01-04 09:51:31,210 - Model:BayesAlgorithm.py - Fun:getTFIDFMat - Message:获取TF-IDF向量,得到tfidfspace.dat - Line:42
2020-01-04 09:51:31,210 - Model:BayesAlgorithm.py - Fun:getTFIDFMat - Message:获取TF-IDF向量,得到tfidfspace.dat - Line:42
2020-01-04 09:51:31,210 - Model:BayesAlgorithm.py - Fun:getTFIDFMat - Message:获取TF-IDF向量,得到tfidfspace.dat - Line:42
2020-01-04 09:51:31,210 - Model:BayesAlgorithm.py - Fun:getTFIDFMat - Message:获取TF-IDF向量,得到tfidfspace.dat - Line:42
2020-01-04 09:51:31,210 - Model:BayesAlgorithm.py - Fun:getTFIDFMat - Message:获取TF-IDF向量,得到tfidfspace.dat - Line:42
2020-01-04 09:51:31,210 - Model:BayesAlgorithm.py - Fun:getTFIDFMat - Message:获取TF-IDF向量,得到tfidfspace.dat - Line:42
2020-01-04 09:51:31,210 - Model:BayesAlgorithm.py - Fun:getTFIDFMat - Message:获取TF-IDF向量,得到tfidfspace.dat - Line:42
2020-01-04 09:51:31,210 - Model:BayesAlgorithm.py - Fun:getTFIDFMat - Message:获取TF-IDF向量,得到tfidfspace.dat - Line:42
2020-01-04 09:51:31,442 - Model:BayesAlgorithm.py - Fun:getTestSpace - Message:获取预测结果集 - Line:74
2020-01-04 09:51:31,442 - Model:BayesAlgorithm.py - Fun:getTestSpace - Message:获取预测结果集 - Line:74
2020-01-04 09:51:31,442 - Model:BayesAlgorithm.py - Fun:getTestSpace - Message:获取预测结果集 - Line:74
2020-01-04 09:51:31,442 - Model:BayesAlgorithm.py - Fun:getTestSpace - Message:获取预测结果集 - Line:74
2020-01-04 09:51:31,442 - Model:BayesAlgorithm.py - Fun:getTestSpace - Message:获取预测结果集 - Line:74
2020-01-04 09:51:31,442 - Model:BayesAlgorithm.py - Fun:getTestSpace - Message:获取预测结果集 - Line:74
2020-01-04 09:51:31,442 - Model:BayesAlgorithm.py - Fun:getTestSpace - Message:获取预测结果集 - Line:74
2020-01-04 09:51:31,442 - Model:BayesAlgorithm.py - Fun:getTestSpace - Message:获取预测结果集 - Line:74
2020-01-04 09:51:31,442 - Model:BayesAlgorithm.py - Fun:getTestSpace - Message:获取预测结果集 - Line:74
2020-01-04 09:51:31,597 - Model:BayesAlgorithm.py - Fun:bayesAlgorithm - Message:贝叶斯种类预测 - Line:97
2020-01-04 09:51:31,597 - Model:BayesAlgorithm.py - Fun:bayesAlgorithm - Message:贝叶斯种类预测 - Line:97
2020-01-04 09:51:31,597 - Model:BayesAlgorithm.py - Fun:bayesAlgorithm - Message:贝叶斯种类预测 - Line:97
2020-01-04 09:51:31,597 - Model:BayesAlgorithm.py - Fun:bayesAlgorithm - Message:贝叶斯种类预测 - Line:97
2020-01-04 09:51:31,597 - Model:BayesAlgorithm.py - Fun:bayesAlgorithm - Message:贝叶斯种类预测 - Line:97
2020-01-04 09:51:31,597 - Model:BayesAlgorithm.py - Fun:bayesAlgorithm - Message:贝叶斯种类预测 - Line:97
2020-01-04 09:51:31,597 - Model:BayesAlgorithm.py - Fun:bayesAlgorithm - Message:贝叶斯种类预测 - Line:97
2020-01-04 09:51:31,597 - Model:BayesAlgorithm.py - Fun:bayesAlgorithm - Message:贝叶斯种类预测 - Line:97
2020-01-04 09:51:31,597 - Model:BayesAlgorithm.py - Fun:bayesAlgorithm - Message:贝叶斯种类预测 - Line:97
2020-01-04 09:51:31,597 - Model:BayesAlgorithm.py - Fun:bayesAlgorithm - Message:贝叶斯种类预测 - Line:97
