2020-01-03 17:35:25,446 - ERROR - Model:BayesAlgorithm.py - Fun:<module> - Message:TF_IDF模型初始化结束 - Line:111
2020-01-03 17:36:05,567 - Model:BayesAlgorithm.py - Fun:<module> - Message:TF_IDF模型初始化结束 - Line:111
2020-01-03 17:37:33,320 - Model:BayesAlgorithm.py - Fun:__init__ - Message:TF_IDF模型初始化结束 - Line:16
2020-01-03 17:37:33,321 - Model:BayesAlgorithm.py - Fun:get_StopWords - Message:停用词表获取成功 - Line:29
2020-01-03 17:37:33,321 - Model:BayesAlgorithm.py - Fun:get_StopWords - Message:停用词表获取成功 - Line:29
2020-01-03 17:37:33,334 - Model:BayesAlgorithm.py - Fun:getTestSpace - Message: - Line:59
2020-01-03 17:37:33,334 - Model:BayesAlgorithm.py - Fun:getTestSpace - Message: - Line:59
2020-01-03 17:37:33,334 - Model:BayesAlgorithm.py - Fun:getTestSpace - Message: - Line:59
2020-01-03 17:37:33,337 - Model:BayesAlgorithm.py - Fun:bayesAlgorithm - Message:贝叶斯种类预测 - Line:82
2020-01-03 17:37:33,337 - Model:BayesAlgorithm.py - Fun:bayesAlgorithm - Message:贝叶斯种类预测 - Line:82
2020-01-03 17:37:33,337 - Model:BayesAlgorithm.py - Fun:bayesAlgorithm - Message:贝叶斯种类预测 - Line:82
2020-01-03 18:30:55,063 - Model:BayesAlgorithm.py - Fun:__init__ - Message:TF_IDF模型初始化结束 - Line:18
2020-01-03 18:30:55,063 - Model:BayesAlgorithm.py - Fun:get_StopWords - Message:停用词表获取成功 - Line:31
2020-01-03 18:30:55,063 - Model:BayesAlgorithm.py - Fun:get_StopWords - Message:停用词表获取成功 - Line:31
2020-01-03 19:39:47,021 - Model:BayesAlgorithm.py - Fun:__init__ - Message:TF_IDF模型初始化结束 - Line:18
2020-01-03 19:39:47,022 - Model:BayesAlgorithm.py - Fun:get_StopWords - Message:停用词表获取成功 - Line:31
2020-01-03 19:39:47,022 - Model:BayesAlgorithm.py - Fun:get_StopWords - Message:停用词表获取成功 - Line:31
2020-01-03 19:39:47,045 - Model:BayesAlgorithm.py - Fun:getTestDat - Message:获取测试集分词结果 - Line:61
2020-01-03 19:39:47,045 - Model:BayesAlgorithm.py - Fun:getTestDat - Message:获取测试集分词结果 - Line:61
2020-01-03 19:39:47,045 - Model:BayesAlgorithm.py - Fun:getTestDat - Message:获取测试集分词结果 - Line:61
2020-01-03 19:39:47,046 - Model:Document_Mongo.py - Fun:bunchSaveFile - Message:将文件信息转换为bunch对象 - Line:34
2020-01-03 19:39:47,046 - Model:Document_Mongo.py - Fun:bunchSaveFile - Message:将文件信息转换为bunch对象 - Line:34
2020-01-03 19:39:47,046 - Model:Document_Mongo.py - Fun:bunchSaveFile - Message:将文件信息转换为bunch对象 - Line:34
2020-01-03 19:39:47,046 - Model:Document_Mongo.py - Fun:bunchSaveFile - Message:将文件信息转换为bunch对象 - Line:34
2020-01-03 19:44:06,599 - Model:BayesAlgorithm.py - Fun:__init__ - Message:TF_IDF模型初始化结束 - Line:18
2020-01-03 19:44:06,600 - Model:BayesAlgorithm.py - Fun:get_StopWords - Message:停用词表获取成功 - Line:31
2020-01-03 19:44:06,600 - Model:BayesAlgorithm.py - Fun:get_StopWords - Message:停用词表获取成功 - Line:31
2020-01-03 19:44:06,621 - Model:BayesAlgorithm.py - Fun:getTestDat - Message:获取测试集分词结果 - Line:61
2020-01-03 19:44:06,621 - Model:BayesAlgorithm.py - Fun:getTestDat - Message:获取测试集分词结果 - Line:61
2020-01-03 19:44:06,621 - Model:BayesAlgorithm.py - Fun:getTestDat - Message:获取测试集分词结果 - Line:61
2020-01-03 19:44:06,622 - Model:Document_Mongo.py - Fun:bunchSaveFile - Message:将文件信息转换为bunch对象 - Line:37
2020-01-03 19:44:06,622 - Model:Document_Mongo.py - Fun:bunchSaveFile - Message:将文件信息转换为bunch对象 - Line:37
2020-01-03 19:44:06,622 - Model:Document_Mongo.py - Fun:bunchSaveFile - Message:将文件信息转换为bunch对象 - Line:37
2020-01-03 19:44:06,622 - Model:Document_Mongo.py - Fun:bunchSaveFile - Message:将文件信息转换为bunch对象 - Line:37
2020-01-03 19:46:17,480 - Model:BayesAlgorithm.py - Fun:__init__ - Message:TF_IDF模型初始化结束 - Line:18
2020-01-03 19:46:17,480 - Model:BayesAlgorithm.py - Fun:get_StopWords - Message:停用词表获取成功 - Line:31
2020-01-03 19:46:17,480 - Model:BayesAlgorithm.py - Fun:get_StopWords - Message:停用词表获取成功 - Line:31
2020-01-03 19:46:17,491 - Model:BayesAlgorithm.py - Fun:getTestDat - Message:获取测试集分词结果 - Line:61
2020-01-03 19:46:17,491 - Model:BayesAlgorithm.py - Fun:getTestDat - Message:获取测试集分词结果 - Line:61
2020-01-03 19:46:17,491 - Model:BayesAlgorithm.py - Fun:getTestDat - Message:获取测试集分词结果 - Line:61
2020-01-03 19:46:17,492 - Model:Document_Mongo.py - Fun:bunchSaveFile - Message:将文件信息转换为bunch对象 - Line:37
2020-01-03 19:46:17,492 - Model:Document_Mongo.py - Fun:bunchSaveFile - Message:将文件信息转换为bunch对象 - Line:37
2020-01-03 19:46:17,492 - Model:Document_Mongo.py - Fun:bunchSaveFile - Message:将文件信息转换为bunch对象 - Line:37
2020-01-03 19:46:17,492 - Model:Document_Mongo.py - Fun:bunchSaveFile - Message:将文件信息转换为bunch对象 - Line:37
2020-01-03 19:51:50,546 - Model:BayesAlgorithm.py - Fun:__init__ - Message:TF_IDF模型初始化结束 - Line:18
2020-01-03 19:51:50,546 - Model:BayesAlgorithm.py - Fun:get_StopWords - Message:停用词表获取成功 - Line:31
2020-01-03 19:51:50,546 - Model:BayesAlgorithm.py - Fun:get_StopWords - Message:停用词表获取成功 - Line:31
2020-01-03 19:51:50,556 - Model:BayesAlgorithm.py - Fun:getTestDat - Message:获取测试集分词结果 - Line:61
2020-01-03 19:51:50,556 - Model:BayesAlgorithm.py - Fun:getTestDat - Message:获取测试集分词结果 - Line:61
2020-01-03 19:51:50,556 - Model:BayesAlgorithm.py - Fun:getTestDat - Message:获取测试集分词结果 - Line:61
2020-01-03 19:51:50,557 - Model:Document_Mongo.py - Fun:bunchSaveFile - Message:将文件信息转换为bunch对象 - Line:37
2020-01-03 19:51:50,557 - Model:Document_Mongo.py - Fun:bunchSaveFile - Message:将文件信息转换为bunch对象 - Line:37
2020-01-03 19:51:50,557 - Model:Document_Mongo.py - Fun:bunchSaveFile - Message:将文件信息转换为bunch对象 - Line:37
2020-01-03 19:51:50,557 - Model:Document_Mongo.py - Fun:bunchSaveFile - Message:将文件信息转换为bunch对象 - Line:37
2020-01-03 19:52:53,861 - Model:BayesAlgorithm.py - Fun:__init__ - Message:TF_IDF模型初始化结束 - Line:18
2020-01-03 19:52:53,861 - Model:BayesAlgorithm.py - Fun:get_StopWords - Message:停用词表获取成功 - Line:31
2020-01-03 19:52:53,861 - Model:BayesAlgorithm.py - Fun:get_StopWords - Message:停用词表获取成功 - Line:31
2020-01-03 19:52:53,872 - Model:BayesAlgorithm.py - Fun:getTestDat - Message:获取测试集分词结果 - Line:61
2020-01-03 19:52:53,872 - Model:BayesAlgorithm.py - Fun:getTestDat - Message:获取测试集分词结果 - Line:61
2020-01-03 19:52:53,872 - Model:BayesAlgorithm.py - Fun:getTestDat - Message:获取测试集分词结果 - Line:61
2020-01-03 19:52:55,478 - Model:Document_Mongo.py - Fun:bunchSaveFile - Message:将文件信息转换为bunch对象 - Line:37
2020-01-03 19:52:55,478 - Model:Document_Mongo.py - Fun:bunchSaveFile - Message:将文件信息转换为bunch对象 - Line:37
2020-01-03 19:52:55,478 - Model:Document_Mongo.py - Fun:bunchSaveFile - Message:将文件信息转换为bunch对象 - Line:37
2020-01-03 19:52:55,478 - Model:Document_Mongo.py - Fun:bunchSaveFile - Message:将文件信息转换为bunch对象 - Line:37
2020-01-03 20:02:38,153 - Model:BayesAlgorithm.py - Fun:__init__ - Message:TF_IDF模型初始化结束 - Line:18
2020-01-03 20:02:38,154 - Model:BayesAlgorithm.py - Fun:get_StopWords - Message:停用词表获取成功 - Line:31
2020-01-03 20:02:38,154 - Model:BayesAlgorithm.py - Fun:get_StopWords - Message:停用词表获取成功 - Line:31
2020-01-03 20:02:38,174 - Model:BayesAlgorithm.py - Fun:getTFIDFMat - Message:获取TF-IDF向量,得到tfidfspace.dat - Line:42
2020-01-03 20:02:38,174 - Model:BayesAlgorithm.py - Fun:getTFIDFMat - Message:获取TF-IDF向量,得到tfidfspace.dat - Line:42
2020-01-03 20:02:38,174 - Model:BayesAlgorithm.py - Fun:getTFIDFMat - Message:获取TF-IDF向量,得到tfidfspace.dat - Line:42
2020-01-03 20:03:14,941 - Model:BayesAlgorithm.py - Fun:__init__ - Message:TF_IDF模型初始化结束 - Line:18
2020-01-03 20:03:14,942 - Model:BayesAlgorithm.py - Fun:get_StopWords - Message:停用词表获取成功 - Line:31
2020-01-03 20:03:14,942 - Model:BayesAlgorithm.py - Fun:get_StopWords - Message:停用词表获取成功 - Line:31
2020-01-03 20:03:14,971 - Model:BayesAlgorithm.py - Fun:getTFIDFMat - Message:获取TF-IDF向量,得到tfidfspace.dat - Line:42
2020-01-03 20:03:14,971 - Model:BayesAlgorithm.py - Fun:getTFIDFMat - Message:获取TF-IDF向量,得到tfidfspace.dat - Line:42
2020-01-03 20:03:14,971 - Model:BayesAlgorithm.py - Fun:getTFIDFMat - Message:获取TF-IDF向量,得到tfidfspace.dat - Line:42
2020-01-03 20:04:11,903 - Model:BayesAlgorithm.py - Fun:__init__ - Message:TF_IDF模型初始化结束 - Line:18
2020-01-03 20:04:11,904 - Model:BayesAlgorithm.py - Fun:get_StopWords - Message:停用词表获取成功 - Line:31
2020-01-03 20:04:11,904 - Model:BayesAlgorithm.py - Fun:get_StopWords - Message:停用词表获取成功 - Line:31
2020-01-03 20:04:11,915 - Model:BayesAlgorithm.py - Fun:getTFIDFMat - Message:获取TF-IDF向量,得到tfidfspace.dat - Line:42
2020-01-03 20:04:11,915 - Model:BayesAlgorithm.py - Fun:getTFIDFMat - Message:获取TF-IDF向量,得到tfidfspace.dat - Line:42
2020-01-03 20:04:11,915 - Model:BayesAlgorithm.py - Fun:getTFIDFMat - Message:获取TF-IDF向量,得到tfidfspace.dat - Line:42
2020-01-03 20:05:24,149 - Model:BayesAlgorithm.py - Fun:__init__ - Message:TF_IDF模型初始化结束 - Line:18
2020-01-03 20:05:24,150 - Model:BayesAlgorithm.py - Fun:get_StopWords - Message:停用词表获取成功 - Line:31
2020-01-03 20:05:24,150 - Model:BayesAlgorithm.py - Fun:get_StopWords - Message:停用词表获取成功 - Line:31
2020-01-03 20:05:24,162 - Model:BayesAlgorithm.py - Fun:bayesAlgorithm - Message:贝叶斯种类预测 - Line:97
2020-01-03 20:05:24,162 - Model:BayesAlgorithm.py - Fun:bayesAlgorithm - Message:贝叶斯种类预测 - Line:97
2020-01-03 20:05:24,162 - Model:BayesAlgorithm.py - Fun:bayesAlgorithm - Message:贝叶斯种类预测 - Line:97
2020-01-03 20:05:24,163 - Model:Document_Mongo.py - Fun:bunchSave - Message:将数据库信息转换为bunch对象 - Line:15
2020-01-03 20:05:24,163 - Model:Document_Mongo.py - Fun:bunchSave - Message:将数据库信息转换为bunch对象 - Line:15
2020-01-03 20:05:24,163 - Model:Document_Mongo.py - Fun:bunchSave - Message:将数据库信息转换为bunch对象 - Line:15
2020-01-03 20:05:24,163 - Model:Document_Mongo.py - Fun:bunchSave - Message:将数据库信息转换为bunch对象 - Line:15
2020-01-03 20:10:10,652 - Model:BayesAlgorithm.py - Fun:__init__ - Message:TF_IDF模型初始化结束 - Line:18
2020-01-03 20:10:10,652 - Model:BayesAlgorithm.py - Fun:get_StopWords - Message:停用词表获取成功 - Line:31
2020-01-03 20:10:10,652 - Model:BayesAlgorithm.py - Fun:get_StopWords - Message:停用词表获取成功 - Line:31
2020-01-03 20:10:10,673 - Model:BayesAlgorithm.py - Fun:getTestSpace - Message:获取预测结果集 - Line:74
2020-01-03 20:10:10,673 - Model:BayesAlgorithm.py - Fun:getTestSpace - Message:获取预测结果集 - Line:74
2020-01-03 20:10:10,673 - Model:BayesAlgorithm.py - Fun:getTestSpace - Message:获取预测结果集 - Line:74
2020-01-03 20:10:10,810 - Model:BayesAlgorithm.py - Fun:bayesAlgorithm - Message:贝叶斯种类预测 - Line:97
2020-01-03 20:10:10,810 - Model:BayesAlgorithm.py - Fun:bayesAlgorithm - Message:贝叶斯种类预测 - Line:97
2020-01-03 20:10:10,810 - Model:BayesAlgorithm.py - Fun:bayesAlgorithm - Message:贝叶斯种类预测 - Line:97
2020-01-03 20:10:10,810 - Model:BayesAlgorithm.py - Fun:bayesAlgorithm - Message:贝叶斯种类预测 - Line:97
2020-01-03 20:10:10,811 - Model:Document_Mongo.py - Fun:bunchSave - Message:将数据库信息转换为bunch对象 - Line:15
2020-01-03 20:10:10,811 - Model:Document_Mongo.py - Fun:bunchSave - Message:将数据库信息转换为bunch对象 - Line:15
2020-01-03 20:10:10,811 - Model:Document_Mongo.py - Fun:bunchSave - Message:将数据库信息转换为bunch对象 - Line:15
2020-01-03 20:10:10,811 - Model:Document_Mongo.py - Fun:bunchSave - Message:将数据库信息转换为bunch对象 - Line:15
2020-01-03 20:10:10,811 - Model:Document_Mongo.py - Fun:bunchSave - Message:将数据库信息转换为bunch对象 - Line:15
2020-01-03 20:12:55,947 - Model:BayesAlgorithm.py - Fun:__init__ - Message:TF_IDF模型初始化结束 - Line:18
2020-01-03 20:12:55,948 - Model:BayesAlgorithm.py - Fun:get_StopWords - Message:停用词表获取成功 - Line:31
2020-01-03 20:12:55,948 - Model:BayesAlgorithm.py - Fun:get_StopWords - Message:停用词表获取成功 - Line:31
2020-01-03 20:12:55,970 - Model:BayesAlgorithm.py - Fun:getTFIDFMat - Message:获取TF-IDF向量,得到tfidfspace.dat - Line:42
2020-01-03 20:12:55,970 - Model:BayesAlgorithm.py - Fun:getTFIDFMat - Message:获取TF-IDF向量,得到tfidfspace.dat - Line:42
2020-01-03 20:12:55,970 - Model:BayesAlgorithm.py - Fun:getTFIDFMat - Message:获取TF-IDF向量,得到tfidfspace.dat - Line:42
2020-01-03 20:12:56,201 - Model:BayesAlgorithm.py - Fun:getTestDat - Message:获取测试集分词结果 - Line:61
2020-01-03 20:12:56,201 - Model:BayesAlgorithm.py - Fun:getTestDat - Message:获取测试集分词结果 - Line:61
2020-01-03 20:12:56,201 - Model:BayesAlgorithm.py - Fun:getTestDat - Message:获取测试集分词结果 - Line:61
2020-01-03 20:12:56,201 - Model:BayesAlgorithm.py - Fun:getTestDat - Message:获取测试集分词结果 - Line:61
2020-01-03 20:12:57,246 - Model:Document_Mongo.py - Fun:bunchSaveFile - Message:将文件信息转换为bunch对象 - Line:37
2020-01-03 20:12:57,246 - Model:Document_Mongo.py - Fun:bunchSaveFile - Message:将文件信息转换为bunch对象 - Line:37
2020-01-03 20:12:57,246 - Model:Document_Mongo.py - Fun:bunchSaveFile - Message:将文件信息转换为bunch对象 - Line:37
2020-01-03 20:12:57,246 - Model:Document_Mongo.py - Fun:bunchSaveFile - Message:将文件信息转换为bunch对象 - Line:37
2020-01-03 20:12:57,246 - Model:Document_Mongo.py - Fun:bunchSaveFile - Message:将文件信息转换为bunch对象 - Line:37
2020-01-03 20:12:57,273 - Model:BayesAlgorithm.py - Fun:getTFIDFMat - Message:获取TF-IDF向量,得到tfidfspace.dat - Line:42
2020-01-03 20:12:57,273 - Model:BayesAlgorithm.py - Fun:getTFIDFMat - Message:获取TF-IDF向量,得到tfidfspace.dat - Line:42
2020-01-03 20:12:57,273 - Model:BayesAlgorithm.py - Fun:getTFIDFMat - Message:获取TF-IDF向量,得到tfidfspace.dat - Line:42
2020-01-03 20:12:57,273 - Model:BayesAlgorithm.py - Fun:getTFIDFMat - Message:获取TF-IDF向量,得到tfidfspace.dat - Line:42
2020-01-03 20:12:57,273 - Model:BayesAlgorithm.py - Fun:getTFIDFMat - Message:获取TF-IDF向量,得到tfidfspace.dat - Line:42
2020-01-03 20:12:57,273 - Model:BayesAlgorithm.py - Fun:getTFIDFMat - Message:获取TF-IDF向量,得到tfidfspace.dat - Line:42
2020-01-03 20:12:57,511 - Model:BayesAlgorithm.py - Fun:getTestSpace - Message:获取预测结果集 - Line:74
2020-01-03 20:12:57,511 - Model:BayesAlgorithm.py - Fun:getTestSpace - Message:获取预测结果集 - Line:74
2020-01-03 20:12:57,511 - Model:BayesAlgorithm.py - Fun:getTestSpace - Message:获取预测结果集 - Line:74
2020-01-03 20:12:57,511 - Model:BayesAlgorithm.py - Fun:getTestSpace - Message:获取预测结果集 - Line:74
2020-01-03 20:12:57,511 - Model:BayesAlgorithm.py - Fun:getTestSpace - Message:获取预测结果集 - Line:74
2020-01-03 20:12:57,511 - Model:BayesAlgorithm.py - Fun:getTestSpace - Message:获取预测结果集 - Line:74
2020-01-03 20:12:57,511 - Model:BayesAlgorithm.py - Fun:getTestSpace - Message:获取预测结果集 - Line:74
2020-01-03 20:12:57,663 - Model:BayesAlgorithm.py - Fun:bayesAlgorithm - Message:贝叶斯种类预测 - Line:97
2020-01-03 20:12:57,663 - Model:BayesAlgorithm.py - Fun:bayesAlgorithm - Message:贝叶斯种类预测 - Line:97
2020-01-03 20:12:57,663 - Model:BayesAlgorithm.py - Fun:bayesAlgorithm - Message:贝叶斯种类预测 - Line:97
2020-01-03 20:12:57,663 - Model:BayesAlgorithm.py - Fun:bayesAlgorithm - Message:贝叶斯种类预测 - Line:97
2020-01-03 20:12:57,663 - Model:BayesAlgorithm.py - Fun:bayesAlgorithm - Message:贝叶斯种类预测 - Line:97
2020-01-03 20:12:57,663 - Model:BayesAlgorithm.py - Fun:bayesAlgorithm - Message:贝叶斯种类预测 - Line:97
2020-01-03 20:12:57,663 - Model:BayesAlgorithm.py - Fun:bayesAlgorithm - Message:贝叶斯种类预测 - Line:97
2020-01-03 20:12:57,663 - Model:BayesAlgorithm.py - Fun:bayesAlgorithm - Message:贝叶斯种类预测 - Line:97
